The C compiler identification could not be found in "/home/krystian/development/study/algorytmy/project1/cmake-build-debug-coverage/CMakeFiles/3.20.2/CompilerIdC/CMakeCCompilerId.gcno"

The CXX compiler identification could not be found in "/home/krystian/development/study/algorytmy/project1/cmake-build-debug-coverage/CMakeFiles/3.20.2/CompilerIdCXX/CMakeCXXCompilerId.gcno"

Performing C SOURCE FILE Test CMAKE_HAVE_LIBC_PTHREAD failed with the following output:
Change Dir: /home/krystian/development/study/algorytmy/project1/cmake-build-debug-coverage/CMakeFiles/CMakeTmp

Run Build Command(s):/usr/bin/make -f Makefile cmTC_100ad/fast && /usr/bin/make  -f CMakeFiles/cmTC_100ad.dir/build.make CMakeFiles/cmTC_100ad.dir/build
make[1]: Entering directory '/home/krystian/development/study/algorytmy/project1/cmake-build-debug-coverage/CMakeFiles/CMakeTmp'
Building C object CMakeFiles/cmTC_100ad.dir/src.c.o
/usr/bin/cc -DCMAKE_HAVE_LIBC_PTHREAD  --coverage  -o CMakeFiles/cmTC_100ad.dir/src.c.o -c /home/krystian/development/study/algorytmy/project1/cmake-build-debug-coverage/CMakeFiles/CMakeTmp/src.c
Linking C executable cmTC_100ad
/snap/clion/169/bin/cmake/linux/bin/cmake -E cmake_link_script CMakeFiles/cmTC_100ad.dir/link.txt --verbose=1
/usr/bin/cc --coverage  CMakeFiles/cmTC_100ad.dir/src.c.o -o cmTC_100ad 
/usr/bin/ld: CMakeFiles/cmTC_100ad.dir/src.c.o: in function `main':
src.c:(.text+0x6a): undefined reference to `pthread_create'
/usr/bin/ld: src.c:(.text+0x88): undefined reference to `pthread_detach'
/usr/bin/ld: src.c:(.text+0xa6): undefined reference to `pthread_cancel'
/usr/bin/ld: src.c:(.text+0xc9): undefined reference to `pthread_join'
collect2: error: ld returned 1 exit status
make[1]: *** [CMakeFiles/cmTC_100ad.dir/build.make:99: cmTC_100ad] Error 1
make[1]: Leaving directory '/home/krystian/development/study/algorytmy/project1/cmake-build-debug-coverage/CMakeFiles/CMakeTmp'
make: *** [Makefile:127: cmTC_100ad/fast] Error 2


Source file was:
#include <pthread.h>

static void* test_func(void* data)
{
  return data;
}

int main(void)
{
  pthread_t thread;
  pthread_create(&thread, NULL, test_func, NULL);
  pthread_detach(thread);
  pthread_cancel(thread);
  pthread_join(thread, NULL);
  pthread_atfork(NULL, NULL, NULL);
  pthread_exit(NULL);

  return 0;
}

Determining if the function pthread_create exists in the pthreads failed with the following output:
Change Dir: /home/krystian/development/study/algorytmy/project1/cmake-build-debug-coverage/CMakeFiles/CMakeTmp

Run Build Command(s):/usr/bin/make -f Makefile cmTC_e7b63/fast && /usr/bin/make  -f CMakeFiles/cmTC_e7b63.dir/build.make CMakeFiles/cmTC_e7b63.dir/build
make[1]: Entering directory '/home/krystian/development/study/algorytmy/project1/cmake-build-debug-coverage/CMakeFiles/CMakeTmp'
Building C object CMakeFiles/cmTC_e7b63.dir/CheckFunctionExists.c.o
/usr/bin/cc   --coverage -DCHECK_FUNCTION_EXISTS=pthread_create -o CMakeFiles/cmTC_e7b63.dir/CheckFunctionExists.c.o -c /snap/clion/169/bin/cmake/linux/share/cmake-3.20/Modules/CheckFunctionExists.c
Linking C executable cmTC_e7b63
/snap/clion/169/bin/cmake/linux/bin/cmake -E cmake_link_script CMakeFiles/cmTC_e7b63.dir/link.txt --verbose=1
/usr/bin/cc --coverage -DCHECK_FUNCTION_EXISTS=pthread_create CMakeFiles/cmTC_e7b63.dir/CheckFunctionExists.c.o -o cmTC_e7b63  -lpthreads 
/usr/bin/ld: cannot find -lpthreads
collect2: error: ld returned 1 exit status
make[1]: *** [CMakeFiles/cmTC_e7b63.dir/build.make:99: cmTC_e7b63] Error 1
make[1]: Leaving directory '/home/krystian/development/study/algorytmy/project1/cmake-build-debug-coverage/CMakeFiles/CMakeTmp'
make: *** [Makefile:127: cmTC_e7b63/fast] Error 2



